<?xml version="1.0" encoding="UTF-8"?>
<testng-results skipped="0" failed="0" ignored="0" total="1" passed="1">
  <reporter-output>
  </reporter-output>
  <suite name="Default suite" duration-ms="36555" started-at="2019-08-05T13:01:02Z" finished-at="2019-08-05T13:01:39Z">
    <groups>
    </groups>
    <test name="Default test" duration-ms="36555" started-at="2019-08-05T13:01:02Z" finished-at="2019-08-05T13:01:39Z">
      <class name="com.atmecs.qa.testscript.MediaPageTest">
        <test-method status="PASS" signature="preSetUp()[pri:0, instance:com.atmecs.qa.testscript.MediaPageTest@523884b2]" name="preSetUp" is-config="true" duration-ms="11110" started-at="2019-08-05T13:01:02Z" finished-at="2019-08-05T13:01:13Z">
          <reporter-output>
          </reporter-output>
        </test-method> <!-- preSetUp -->
        <test-method status="PASS" signature="AllNavigationUnderMedia()[pri:0, instance:com.atmecs.qa.testscript.MediaPageTest@523884b2]" name="AllNavigationUnderMedia" duration-ms="25395" started-at="2019-08-05T13:01:13Z" finished-at="2019-08-05T13:01:39Z">
          <reporter-output>
          </reporter-output>
        </test-method> <!-- AllNavigationUnderMedia -->
      </class> <!-- com.atmecs.qa.testscript.MediaPageTest -->
    </test> <!-- Default test -->
  </suite> <!-- Default suite -->
</testng-results>
