<?xml version="1.0" encoding="UTF-8"?>
<testng-results skipped="0" failed="0" ignored="0" total="2" passed="2">
  <reporter-output>
  </reporter-output>
  <suite name="Default suite" duration-ms="80156" started-at="2019-08-04T15:20:12Z" finished-at="2019-08-04T15:21:32Z">
    <groups>
    </groups>
    <test name="Default test" duration-ms="80156" started-at="2019-08-04T15:20:12Z" finished-at="2019-08-04T15:21:32Z">
      <class name="com.atmecs.qa.testscript.NewsPageTest">
        <test-method status="PASS" signature="preSetUp()[pri:0, instance:com.atmecs.qa.testscript.NewsPageTest@20398b7c]" name="preSetUp" is-config="true" duration-ms="10331" started-at="2019-08-04T15:20:12Z" finished-at="2019-08-04T15:20:23Z">
          <reporter-output>
          </reporter-output>
        </test-method> <!-- preSetUp -->
        <test-method status="PASS" signature="checkingWatchMoreFn()[pri:0, instance:com.atmecs.qa.testscript.NewsPageTest@20398b7c]" name="checkingWatchMoreFn" duration-ms="15974" started-at="2019-08-04T15:20:23Z" finished-at="2019-08-04T15:20:39Z">
          <reporter-output>
          </reporter-output>
        </test-method> <!-- checkingWatchMoreFn -->
        <test-method status="PASS" signature="validatingAllReadMore()[pri:1, instance:com.atmecs.qa.testscript.NewsPageTest@20398b7c]" name="validatingAllReadMore" duration-ms="53808" started-at="2019-08-04T15:20:39Z" finished-at="2019-08-04T15:21:32Z">
          <reporter-output>
          </reporter-output>
        </test-method> <!-- validatingAllReadMore -->
      </class> <!-- com.atmecs.qa.testscript.NewsPageTest -->
    </test> <!-- Default test -->
  </suite> <!-- Default suite -->
</testng-results>
