<?xml version="1.0" encoding="UTF-8"?>
<!-- Generated by org.testng.reporters.JUnitXMLReporter -->
<testsuite hostname="ATMECSINDT-053" ignored="0" name="Default test" tests="2" failures="0" timestamp="06 Aug 2019 09:35:15 GMT" time="52.767" errors="0">
  <testcase name="validatingWatchMoreBtn" time="2.829" classname="com.atmecs.qa.testscript.NewsPageTest"/>
  <testcase name="validatingAllReadMore" time="38.09" classname="com.atmecs.qa.testscript.NewsPageTest"/>
</testsuite> <!-- Default test -->
