<?xml version="1.0" encoding="UTF-8"?>
<!-- Generated by org.testng.reporters.JUnitXMLReporter -->
<testsuite hostname="ATMECSINDT-053" ignored="0" name="Default test" tests="2" failures="0" timestamp="04 Aug 2019 15:21:32 GMT" time="80.156" errors="0">
  <testcase name="checkingWatchMoreFn" time="15.974" classname="com.atmecs.qa.testscript.NewsPageTest"/>
  <testcase name="validatingAllReadMore" time="53.808" classname="com.atmecs.qa.testscript.NewsPageTest"/>
</testsuite> <!-- Default test -->
