<?xml version="1.0" encoding="UTF-8"?>
<testng-results skipped="0" failed="0" ignored="0" total="1" passed="1">
  <reporter-output>
  </reporter-output>
  <suite name="Default suite" duration-ms="11544" started-at="2019-07-30T11:14:28Z" finished-at="2019-07-30T11:14:40Z">
    <groups>
    </groups>
    <test name="Default test" duration-ms="11544" started-at="2019-07-30T11:14:28Z" finished-at="2019-07-30T11:14:40Z">
      <class name="com.atmecsweb.mediapage.MediaPage">
        <test-method status="PASS" signature="initialiseBrowsers()[pri:0, instance:com.atmecsweb.mediapage.MediaPage@57baeedf]" name="initialiseBrowsers" is-config="true" duration-ms="4878" started-at="2019-07-30T11:14:28Z" finished-at="2019-07-30T11:14:33Z">
          <reporter-output>
          </reporter-output>
        </test-method> <!-- initialiseBrowsers -->
        <test-method status="PASS" signature="NewsNavigation()[pri:0, instance:com.atmecsweb.mediapage.MediaPage@57baeedf]" name="NewsNavigation" duration-ms="6624" started-at="2019-07-30T11:14:33Z" finished-at="2019-07-30T11:14:40Z">
          <reporter-output>
          </reporter-output>
        </test-method> <!-- NewsNavigation -->
      </class> <!-- com.atmecsweb.mediapage.MediaPage -->
    </test> <!-- Default test -->
  </suite> <!-- Default suite -->
</testng-results>
