<?xml version="1.0" encoding="UTF-8"?>
<!-- Generated by org.testng.reporters.JUnitXMLReporter -->
<testsuite hostname="ATMECSINDT-053" ignored="0" name="Test" tests="3" failures="0" timestamp="05 Aug 2019 06:44:19 GMT" time="80.129" errors="0">
  <testcase name="navigatingToNewsValidation" time="6.375" classname="com.atmecs.qa.testscript.MediaPageTest"/>
  <testcase name="ForwardandBackwardvalidateSlides" time="18.625" classname="com.atmecs.qa.testscript.EventsPageTest"/>
  <testcase name="checkingWatchMoreFn" time="16.203" classname="com.atmecs.qa.testscript.NewsPageTest"/>
</testsuite> <!-- Test -->
