<?xml version="1.0" encoding="UTF-8"?>
<!-- Generated by org.testng.reporters.JUnitXMLReporter -->
<testsuite hostname="ATMECSINDT-053" ignored="0" name="Test" tests="3" failures="0" timestamp="02 Aug 2019 08:10:20 GMT" time="62.265" errors="0">
  <testcase name="testMediaPage" time="5.678" classname="com.atmecs.qa.testscript.MediaPageTest"/>
  <testcase name="ForwardandBackwardvalidateSlides" time="12.192" classname="com.atmecs.qa.testscript.EventsPageTest"/>
  <testcase name="checkingWatchMoreFn" time="19.827" classname="com.atmecs.qa.testscript.NewsPageTest"/>
</testsuite> <!-- Test -->
